<?xml version="1.0" encoding="UTF-8"?>
<!-- Generated by org.testng.reporters.JUnitReportReporter -->
<testsuite hostname="Timmy-PC" name="com.phptravels.FlightBookingTest" tests="1" failures="0" timestamp="4 Sep 2016 17:47:02 GMT" time="7.305" errors="0">
  <testcase name="test" time="7.305" classname="com.phptravels.FlightBookingTest"/>
</testsuite> <!-- com.phptravels.FlightBookingTest -->
