<?xml version="1.0" encoding="UTF-8"?>
<!-- Generated by org.testng.reporters.JUnitReportReporter -->
<testsuite hostname="Timmy-PC" name="com.phptravels.HotelBookingTest" tests="2" failures="0" timestamp="5 Sep 2016 18:29:02 GMT" time="32.793" errors="0">
  <testcase name="testWithMultipleData" time="16.607" classname="com.phptravels.HotelBookingTest"/>
  <testcase name="testWithMultipleData" time="16.186" classname="com.phptravels.HotelBookingTest"/>
</testsuite> <!-- com.phptravels.HotelBookingTest -->
